<?xml version="1.0" encoding="UTF-8"?>
<testng-results ignored="0" total="2" passed="2" failed="0" skipped="0">
  <reporter-output>
  </reporter-output>
  <suite started-at="2023-12-19T21:04:44 IST" name="Default suite" finished-at="2023-12-19T21:05:36 IST" duration-ms="52424">
    <groups>
    </groups>
    <test started-at="2023-12-19T21:04:44 IST" name="Default test" finished-at="2023-12-19T21:05:36 IST" duration-ms="52424">
      <class name="com.simplilearn.testng.redbus.XpathTest">
        <test-method is-config="true" signature="setUp()[pri:0, instance:com.simplilearn.testng.redbus.XpathTest@7bab3f1a]" started-at="2023-12-19T21:04:44 IST" name="setUp" finished-at="2023-12-19T21:05:05 IST" duration-ms="20595" status="PASS">
          <reporter-output>
          </reporter-output>
        </test-method> <!-- setUp -->
        <test-method signature="xpathLinkTest1()[pri:0, instance:com.simplilearn.testng.redbus.XpathTest@7bab3f1a]" started-at="2023-12-19T21:05:05 IST" name="xpathLinkTest1" description="Test Bus Tickets Title Match" finished-at="2023-12-19T21:05:07 IST" duration-ms="2838" status="PASS">
          <reporter-output>
          </reporter-output>
        </test-method> <!-- xpathLinkTest1 -->
        <test-method is-config="true" signature="cleanUp()[pri:0, instance:com.simplilearn.testng.redbus.XpathTest@7bab3f1a]" started-at="2023-12-19T21:05:07 IST" name="cleanUp" finished-at="2023-12-19T21:05:11 IST" duration-ms="3165" status="PASS">
          <reporter-output>
          </reporter-output>
        </test-method> <!-- cleanUp -->
        <test-method is-config="true" signature="setUp()[pri:0, instance:com.simplilearn.testng.redbus.XpathTest@7bab3f1a]" started-at="2023-12-19T21:05:11 IST" name="setUp" finished-at="2023-12-19T21:05:28 IST" duration-ms="17714" status="PASS">
          <reporter-output>
          </reporter-output>
        </test-method> <!-- setUp -->
        <test-method signature="xpathLinkTest2()[pri:0, instance:com.simplilearn.testng.redbus.XpathTest@7bab3f1a]" started-at="2023-12-19T21:05:28 IST" name="xpathLinkTest2" description="Test Train Tickets Title Match" finished-at="2023-12-19T21:05:33 IST" duration-ms="4710" status="PASS">
          <reporter-output>
          </reporter-output>
        </test-method> <!-- xpathLinkTest2 -->
        <test-method is-config="true" signature="cleanUp()[pri:0, instance:com.simplilearn.testng.redbus.XpathTest@7bab3f1a]" started-at="2023-12-19T21:05:33 IST" name="cleanUp" finished-at="2023-12-19T21:05:36 IST" duration-ms="3207" status="PASS">
          <reporter-output>
          </reporter-output>
        </test-method> <!-- cleanUp -->
      </class> <!-- com.simplilearn.testng.redbus.XpathTest -->
    </test> <!-- Default test -->
  </suite> <!-- Default suite -->
</testng-results>
